Using pre-set license
Built from '2020.3/staging' branch; Version is '2020.3.15f1 (5e502cb56e17) revision 6180908'; Using compiler version '192528614'; Build Type 'Release'
OS: 'Windows 10 Pro; OS build 19043.1165; Version 2009; 64bit' Language: 'en' Physical Memory: 8141 MB
BatchMode: 1, IsHumanControllingUs: 0, StartBugReporterOnCrash: 0, Is64bit: 1, IsPro: 0

 COMMAND LINE ARGUMENTS:
C:\Program Files\Unity\Hub\Editor\2020.3.15f1\Editor\Unity.exe
-adb2
-batchMode
-noUpm
-name
AssetImportWorker0
-projectPath
D:/UnityProjects/GitHubProjects/Typing_Game
-logFile
Logs/AssetImportWorker0.log
-srvPort
50187
Successfully changed project path to: D:/UnityProjects/GitHubProjects/Typing_Game
D:/UnityProjects/GitHubProjects/Typing_Game
Using Asset Import Pipeline V2.
Refreshing native plugins compatible for Editor in 30.03 ms, found 2 plugins.
Preloading 0 native plugins for Editor in 0.00 ms.
Initialize engine version: 2020.3.15f1 (5e502cb56e17)
[Subsystems] Discovering subsystems at path C:/Program Files/Unity/Hub/Editor/2020.3.15f1/Editor/Data/Resources/UnitySubsystems
[Subsystems] Discovering subsystems at path D:/UnityProjects/GitHubProjects/Typing_Game/Assets
GfxDevice: creating device client; threaded=0
Direct3D:
    Version:  Direct3D 11.0 [level 11.1]
    Renderer: NVIDIA GeForce GTX 1650 (ID=0x2188)
    Vendor:   
    VRAM:     3962 MB
    Driver:   27.21.14.5671
Initialize mono
Mono path[0] = 'C:/Program Files/Unity/Hub/Editor/2020.3.15f1/Editor/Data/Managed'
Mono path[1] = 'C:/Program Files/Unity/Hub/Editor/2020.3.15f1/Editor/Data/MonoBleedingEdge/lib/mono/unityjit'
Mono config path = 'C:/Program Files/Unity/Hub/Editor/2020.3.15f1/Editor/Data/MonoBleedingEdge/etc'
Using monoOptions --debugger-agent=transport=dt_socket,embedding=1,server=y,suspend=n,address=127.0.0.1:56960
Begin MonoManager ReloadAssembly
Registering precompiled unity dll's ...
Register platform support module: C:/Program Files/Unity/Hub/Editor/2020.3.15f1/Editor/Data/PlaybackEngines/WindowsStandaloneSupport/UnityEditor.WindowsStandalone.Extensions.dll
Registered in 0.001589 seconds.
Native extension for WindowsStandalone target not found
Refreshing native plugins compatible for Editor in 29.23 ms, found 2 plugins.
Preloading 0 native plugins for Editor in 0.00 ms.
Mono: successfully reloaded assembly
- Completed reload, in  0.929 seconds
Domain Reload Profiling:
	ReloadAssembly (929ms)
		BeginReloadAssembly (43ms)
			ExecutionOrderSort (0ms)
			DisableScriptedObjects (0ms)
			BackupInstance (0ms)
			ReleaseScriptingObjects (0ms)
			CreateAndSetChildDomain (1ms)
		EndReloadAssembly (351ms)
			LoadAssemblies (42ms)
			RebuildTransferFunctionScriptingTraits (0ms)
			SetupTypeCache (127ms)
			ReleaseScriptCaches (0ms)
			RebuildScriptCaches (27ms)
			SetupLoadedEditorAssemblies (133ms)
				LogAssemblyErrors (0ms)
				InitializePlatformSupportModulesInManaged (3ms)
				SetLoadedEditorAssemblies (0ms)
				RefreshPlugins (29ms)
				BeforeProcessingInitializeOnLoad (12ms)
				ProcessInitializeOnLoadAttributes (66ms)
				ProcessInitializeOnLoadMethodAttributes (22ms)
				AfterProcessingInitializeOnLoad (0ms)
				EditorAssembliesLoaded (0ms)
			ExecutionOrderSort2 (0ms)
			AwakeInstancesAfterBackupRestoration (0ms)
Platform modules already initialized, skipping
Registering precompiled user dll's ...
Registered in 0.002459 seconds.
Begin MonoManager ReloadAssembly
Native extension for WindowsStandalone target not found
Refreshing native plugins compatible for Editor in 0.32 ms, found 2 plugins.
Preloading 0 native plugins for Editor in 0.00 ms.
Mono: successfully reloaded assembly
- Completed reload, in  0.919 seconds
Domain Reload Profiling:
	ReloadAssembly (920ms)
		BeginReloadAssembly (124ms)
			ExecutionOrderSort (0ms)
			DisableScriptedObjects (4ms)
			BackupInstance (0ms)
			ReleaseScriptingObjects (0ms)
			CreateAndSetChildDomain (16ms)
		EndReloadAssembly (740ms)
			LoadAssemblies (68ms)
			RebuildTransferFunctionScriptingTraits (0ms)
			SetupTypeCache (224ms)
			ReleaseScriptCaches (0ms)
			RebuildScriptCaches (36ms)
			SetupLoadedEditorAssemblies (329ms)
				LogAssemblyErrors (0ms)
				InitializePlatformSupportModulesInManaged (4ms)
				SetLoadedEditorAssemblies (0ms)
				RefreshPlugins (0ms)
				BeforeProcessingInitializeOnLoad (77ms)
				ProcessInitializeOnLoadAttributes (239ms)
				ProcessInitializeOnLoadMethodAttributes (3ms)
				AfterProcessingInitializeOnLoad (5ms)
				EditorAssembliesLoaded (0ms)
			ExecutionOrderSort2 (0ms)
			AwakeInstancesAfterBackupRestoration (5ms)
Platform modules already initialized, skipping
========================================================================
Worker process is ready to serve import requests
Launched and connected shader compiler UnityShaderCompiler.exe after 0.06 seconds
Refreshing native plugins compatible for Editor in 0.34 ms, found 2 plugins.
Preloading 0 native plugins for Editor in 0.00 ms.
Unloading 1457 Unused Serialized files (Serialized files now loaded: 0)
System memory in use before: 69.0 MB.
System memory in use after: 69.0 MB.

Unloading 19 unused Assets to reduce memory usage. Loaded Objects now: 1891.
Total: 1.900900 ms (FindLiveObjects: 0.135700 ms CreateObjectMapping: 0.042700 ms MarkObjects: 1.653900 ms  DeleteObjects: 0.067500 ms)

AssetImportParameters requested are different than current active one (requested -> active):
  custom:framework-win-MediaFoundation: 216162199b28c13a410421893ffa2e32 -> 
  custom:video-decoder-ogg-theora: a1e56fd34408186e4bbccfd4996cb3dc -> 
  custom:container-muxer-webm: aa71ff27fc2769a1b78a27578f13a17b -> 
  custom:container-demuxer-webm: 4f35f7cbe854078d1ac9338744f61a02 -> 
  custom:container-demuxer-ogg: 62fdf1f143b41e24485cea50d1cbac27 -> 
  custom:video-encoder-webm-vp8: eb34c28f22e8b96e1ab97ce403110664 -> 
  custom:video-decoder-webm-vp8: 9c59270c3fd7afecdb556c50c9e8de78 -> 
  custom:audio-decoder-ogg-vorbis: bf7c407c2cedff20999df2af8eb42d56 -> 
  custom:audio-encoder-webm-vorbis: bf7c407c2cedff20999df2af8eb42d56 -> 
========================================================================
Received Import Request.
  path: Assets/Meshtint Free Chicken Mega Toon Series/Materials/New Lighting Settings.lighting
  artifactKey: Guid(1476b74c10c37274198f100eed1d94cb) Importer(815301076,1909f56bfc062723c751e8b465ee728b)
Start importing Assets/Meshtint Free Chicken Mega Toon Series/Materials/New Lighting Settings.lighting using Guid(1476b74c10c37274198f100eed1d94cb) Importer(815301076,1909f56bfc062723c751e8b465ee728b)  -> (artifact id: '18ea747b9906c280c9dfcebc7dca33fd') in 0.023540 seconds 
  Import took 0.026033 seconds .

========================================================================
Received Import Request.
  Time since last request: 48.560097 seconds.
  path: Assets/_app/_art/Screenshot 2021-08-14 231723.png
  artifactKey: Guid(541effb243f34f84fb9628f45270e698) Importer(815301076,1909f56bfc062723c751e8b465ee728b)
Start importing Assets/_app/_art/Screenshot 2021-08-14 231723.png using Guid(541effb243f34f84fb9628f45270e698) Importer(815301076,1909f56bfc062723c751e8b465ee728b)  -> (artifact id: '9493628345ebc2a5687a485ccc2fe970') in 0.037893 seconds 
  Import took 0.051254 seconds .

========================================================================
Received Import Request.
  Time since last request: 0.004290 seconds.
  path: Assets/_app/_art/Screenshot 2021-08-14 231723.png
  artifactKey: Guid(541effb243f34f84fb9628f45270e698) Importer(815301076,1909f56bfc062723c751e8b465ee728b)
Start importing Assets/_app/_art/Screenshot 2021-08-14 231723.png using Guid(541effb243f34f84fb9628f45270e698) Importer(815301076,1909f56bfc062723c751e8b465ee728b)  -> (artifact id: '9493628345ebc2a5687a485ccc2fe970') in 0.015787 seconds 
  Import took 0.018014 seconds .

========================================================================
Received Import Request.
  Time since last request: 5.898299 seconds.
  path: Assets/_app/_art/Screenshot 2021-08-14 231723.png
  artifactKey: Guid(541effb243f34f84fb9628f45270e698) Importer(815301076,1909f56bfc062723c751e8b465ee728b)
Start importing Assets/_app/_art/Screenshot 2021-08-14 231723.png using Guid(541effb243f34f84fb9628f45270e698) Importer(815301076,1909f56bfc062723c751e8b465ee728b)  -> (artifact id: 'f3bdcb91d0a0439369be3eff25057198') in 0.057712 seconds 
  Import took 0.076520 seconds .

========================================================================
Received Import Request.
  Time since last request: 2.730050 seconds.
  path: Assets/TextMesh Pro/Sprites/EmojiOne.png
  artifactKey: Guid(dffef66376be4fa480fb02b19edbe903) Importer(815301076,1909f56bfc062723c751e8b465ee728b)
Start importing Assets/TextMesh Pro/Sprites/EmojiOne.png using Guid(dffef66376be4fa480fb02b19edbe903) Importer(815301076,1909f56bfc062723c751e8b465ee728b)  -> (artifact id: '1bdbab79574d9199534a6046307e1746') in 0.056967 seconds 
  Import took 0.085121 seconds .

========================================================================
Received Import Request.
  Time since last request: 0.000194 seconds.
  path: Assets/Meshtint Free Chicken Mega Toon Series/Textures/Mega Toon Chicken.psd
  artifactKey: Guid(62d99c54b7546394db933131ab5bfe62) Importer(815301076,1909f56bfc062723c751e8b465ee728b)
Start importing Assets/Meshtint Free Chicken Mega Toon Series/Textures/Mega Toon Chicken.psd using Guid(62d99c54b7546394db933131ab5bfe62) Importer(815301076,1909f56bfc062723c751e8b465ee728b)  -> (artifact id: '3221160f8a99929dd2ac4cbc87414684') in 0.068377 seconds 
  Import took 0.083306 seconds .

